# JRE version: OpenJDK Runtime Environment Temurin-11.0.15+10 (11.0.15+10) (build 11.0.15+10)
# Java VM: OpenJDK 64-Bit Server VM Temurin-11.0.15+10 (11.0.15+10, mixed mode, tiered, compressed oops, g1 gc, linux-amd64)
Heap:
 garbage-first heap   total 27648K, used 9834K [0x00000000c4400000, 0x0000000100000000)
  region size 1024K, 2 young (2048K), 1 survivors (1024K)
 Metaspace       used 29756K, capacity 30479K, committed 30848K, reserved 1077248K
  class space    used 3018K, capacity 3350K, committed 3456K, reserved 1048576K
GC Heap History (14 events):
Event: 0.851 GC heap before
{Heap before GC invocations=0 (full 0):
 garbage-first heap   total 61440K, used 21504K [0x00000000c4400000, 0x0000000100000000)
  region size 1024K, 21 young (21504K), 0 survivors (0K)
 Metaspace       used 20571K, capacity 21072K, committed 21248K, reserved 1069056K
  class space    used 2218K, capacity 2481K, committed 2560K, reserved 1048576K
}
Event: 0.857 GC heap after
{Heap after GC invocations=1 (full 0):
 garbage-first heap   total 61440K, used 6944K [0x00000000c4400000, 0x0000000100000000)
  region size 1024K, 3 young (3072K), 3 survivors (3072K)
 Metaspace       used 20571K, capacity 21072K, committed 21248K, reserved 1069056K
  class space    used 2218K, capacity 2481K, committed 2560K, reserved 1048576K
}
Event: 1.363 GC heap before
{Heap before GC invocations=2 (full 0):
 garbage-first heap   total 61440K, used 8992K [0x00000000c4400000, 0x0000000100000000)
  region size 1024K, 5 young (5120K), 3 survivors (3072K)
 Metaspace       used 21583K, capacity 22253K, committed 22400K, reserved 1069056K
  class space    used 2329K, capacity 2621K, committed 2688K, reserved 1048576K
}
Event: 1.366 GC heap after
{Heap after GC invocations=3 (full 0):
 garbage-first heap   total 61440K, used 7547K [0x00000000c4400000, 0x0000000100000000)
  region size 1024K, 1 young (1024K), 1 survivors (1024K)
 Metaspace       used 21583K, capacity 22253K, committed 22400K, reserved 1069056K
  class space    used 2329K, capacity 2621K, committed 2688K, reserved 1048576K
}
Event: 1.403 GC heap before
{Heap before GC invocations=3 (full 0):
 garbage-first heap   total 61440K, used 9595K [0x00000000c4400000, 0x0000000100000000)
  region size 1024K, 4 young (4096K), 1 survivors (1024K)
 Metaspace       used 22069K, capacity 22742K, committed 23040K, reserved 1069056K
  class space    used 2395K, capacity 2721K, committed 2816K, reserved 1048576K
}
Event: 1.416 GC heap after
{Heap after GC invocations=4 (full 1):
 garbage-first heap   total 34816K, used 7516K [0x00000000c4400000, 0x0000000100000000)
  region size 1024K, 0 young (0K), 0 survivors (0K)
 Metaspace       used 22069K, capacity 22742K, committed 23040K, reserved 1069056K
  class space    used 2395K, capacity 2721K, committed 2816K, reserved 1048576K
}
Event: 1.417 GC heap before
{Heap before GC invocations=4 (full 1):
 garbage-first heap   total 34816K, used 7516K [0x00000000c4400000, 0x0000000100000000)
  region size 1024K, 0 young (0K), 0 survivors (0K)
 Metaspace       used 22070K, capacity 22742K, committed 23040K, reserved 1069056K
  class space    used 2395K, capacity 2721K, committed 2816K, reserved 1048576K
}
Event: 1.428 GC heap after
{Heap after GC invocations=5 (full 2):
 garbage-first heap   total 27648K, used 7516K [0x00000000c4400000, 0x0000000100000000)
  region size 1024K, 0 young (0K), 0 survivors (0K)
 Metaspace       used 22070K, capacity 22742K, committed 23040K, reserved 1069056K
  class space    used 2395K, capacity 2721K, committed 2816K, reserved 1048576K
}
Event: 1.778 GC heap before
{Heap before GC invocations=5 (full 2):
 garbage-first heap   total 27648K, used 12636K [0x00000000c4400000, 0x0000000100000000)
  region size 1024K, 6 young (6144K), 0 survivors (0K)
 Metaspace       used 25723K, capacity 26411K, committed 26880K, reserved 1073152K
  class space    used 2657K, capacity 2975K, committed 3072K, reserved 1048576K
}
Event: 1.788 GC heap after
{Heap after GC invocations=6 (full 2):
 garbage-first heap   total 27648K, used 9014K [0x00000000c4400000, 0x0000000100000000)
  region size 1024K, 1 young (1024K), 1 survivors (1024K)
 Metaspace       used 25723K, capacity 26411K, committed 26880K, reserved 1073152K
  class space    used 2657K, capacity 2975K, committed 3072K, reserved 1048576K
}
Event: 1.913 GC heap before
{Heap before GC invocations=6 (full 2):
 garbage-first heap   total 27648K, used 14134K [0x00000000c4400000, 0x0000000100000000)
  region size 1024K, 7 young (7168K), 1 survivors (1024K)
 Metaspace       used 27796K, capacity 28495K, committed 28800K, reserved 1075200K
  class space    used 2828K, capacity 3158K, committed 3200K, reserved 1048576K
}
Event: 1.915 GC heap after
{Heap after GC invocations=7 (full 2):
 garbage-first heap   total 27648K, used 9566K [0x00000000c4400000, 0x0000000100000000)
  region size 1024K, 1 young (1024K), 1 survivors (1024K)
 Metaspace       used 27796K, capacity 28495K, committed 28800K, reserved 1075200K
  class space    used 2828K, capacity 3158K, committed 3200K, reserved 1048576K
}
Event: 2.018 GC heap before
{Heap before GC invocations=7 (full 2):
 garbage-first heap   total 27648K, used 15710K [0x00000000c4400000, 0x0000000100000000)
  region size 1024K, 7 young (7168K), 1 survivors (1024K)
 Metaspace       used 29632K, capacity 30351K, committed 30848K, reserved 1077248K
  class space    used 3005K, capacity 3350K, committed 3456K, reserved 1048576K
}
Event: 2.031 GC heap after
{Heap after GC invocations=8 (full 2):
 garbage-first heap   total 27648K, used 9834K [0x00000000c4400000, 0x0000000100000000)
  region size 1024K, 1 young (1024K), 1 survivors (1024K)
 Metaspace       used 29632K, capacity 30351K, committed 30848K, reserved 1077248K
  class space    used 3005K, capacity 3350K, committed 3456K, reserved 1048576K
}

