# JRE version: OpenJDK Runtime Environment Temurin-11.0.15+10 (11.0.15+10) (build 11.0.15+10)
# Java VM: OpenJDK 64-Bit Server VM Temurin-11.0.15+10 (11.0.15+10, mixed mode, tiered, compressed oops, g1 gc, linux-amd64)
Heap:
 garbage-first heap   total 27648K, used 14915K [0x00000000c4400000, 0x0000000100000000)
  region size 1024K, 7 young (7168K), 1 survivors (1024K)
 Metaspace       used 29979K, capacity 30711K, committed 31104K, reserved 1077248K
  class space    used 3043K, capacity 3364K, committed 3456K, reserved 1048576K
GC Heap History (12 events):
Event: 0.992 GC heap before
{Heap before GC invocations=0 (full 0):
 garbage-first heap   total 61440K, used 23552K [0x00000000c4400000, 0x0000000100000000)
  region size 1024K, 22 young (22528K), 0 survivors (0K)
 Metaspace       used 20524K, capacity 21048K, committed 21248K, reserved 1069056K
  class space    used 2220K, capacity 2495K, committed 2560K, reserved 1048576K
}
Event: 1.005 GC heap after
{Heap after GC invocations=1 (full 0):
 garbage-first heap   total 61440K, used 7029K [0x00000000c4400000, 0x0000000100000000)
  region size 1024K, 3 young (3072K), 3 survivors (3072K)
 Metaspace       used 20524K, capacity 21048K, committed 21248K, reserved 1069056K
  class space    used 2220K, capacity 2495K, committed 2560K, reserved 1048576K
}
Event: 1.411 GC heap before
{Heap before GC invocations=2 (full 0):
 garbage-first heap   total 61440K, used 10101K [0x00000000c4400000, 0x0000000100000000)
  region size 1024K, 6 young (6144K), 3 survivors (3072K)
 Metaspace       used 21856K, capacity 22582K, committed 22912K, reserved 1069056K
  class space    used 2361K, capacity 2669K, committed 2688K, reserved 1048576K
}
Event: 1.414 GC heap after
{Heap after GC invocations=3 (full 0):
 garbage-first heap   total 61440K, used 8108K [0x00000000c4400000, 0x0000000100000000)
  region size 1024K, 1 young (1024K), 1 survivors (1024K)
 Metaspace       used 21856K, capacity 22582K, committed 22912K, reserved 1069056K
  class space    used 2361K, capacity 2669K, committed 2688K, reserved 1048576K
}
Event: 1.451 GC heap before
{Heap before GC invocations=3 (full 0):
 garbage-first heap   total 61440K, used 10156K [0x00000000c4400000, 0x0000000100000000)
  region size 1024K, 4 young (4096K), 1 survivors (1024K)
 Metaspace       used 22383K, capacity 23133K, committed 23296K, reserved 1069056K
  class space    used 2427K, capacity 2767K, committed 2816K, reserved 1048576K
}
Event: 1.462 GC heap after
{Heap after GC invocations=4 (full 1):
 garbage-first heap   total 34816K, used 7646K [0x00000000c4400000, 0x0000000100000000)
  region size 1024K, 0 young (0K), 0 survivors (0K)
 Metaspace       used 22383K, capacity 23133K, committed 23296K, reserved 1069056K
  class space    used 2427K, capacity 2767K, committed 2816K, reserved 1048576K
}
Event: 1.462 GC heap before
{Heap before GC invocations=4 (full 1):
 garbage-first heap   total 34816K, used 7646K [0x00000000c4400000, 0x0000000100000000)
  region size 1024K, 0 young (0K), 0 survivors (0K)
 Metaspace       used 22383K, capacity 23133K, committed 23296K, reserved 1069056K
  class space    used 2427K, capacity 2767K, committed 2816K, reserved 1048576K
}
Event: 1.474 GC heap after
{Heap after GC invocations=5 (full 2):
 garbage-first heap   total 27648K, used 7646K [0x00000000c4400000, 0x0000000100000000)
  region size 1024K, 0 young (0K), 0 survivors (0K)
 Metaspace       used 22383K, capacity 23133K, committed 23296K, reserved 1069056K
  class space    used 2427K, capacity 2767K, committed 2816K, reserved 1048576K
}
Event: 1.794 GC heap before
{Heap before GC invocations=5 (full 2):
 garbage-first heap   total 27648K, used 12766K [0x00000000c4400000, 0x0000000100000000)
  region size 1024K, 6 young (6144K), 0 survivors (0K)
 Metaspace       used 25962K, capacity 26675K, committed 27136K, reserved 1073152K
  class space    used 2682K, capacity 3021K, committed 3072K, reserved 1048576K
}
Event: 1.803 GC heap after
{Heap after GC invocations=6 (full 2):
 garbage-first heap   total 27648K, used 9160K [0x00000000c4400000, 0x0000000100000000)
  region size 1024K, 1 young (1024K), 1 survivors (1024K)
 Metaspace       used 25962K, capacity 26675K, committed 27136K, reserved 1073152K
  class space    used 2682K, capacity 3021K, committed 3072K, reserved 1048576K
}
Event: 1.966 GC heap before
{Heap before GC invocations=6 (full 2):
 garbage-first heap   total 27648K, used 15304K [0x00000000c4400000, 0x0000000100000000)
  region size 1024K, 8 young (8192K), 1 survivors (1024K)
 Metaspace       used 28234K, capacity 28983K, committed 29440K, reserved 1075200K
  class space    used 2874K, capacity 3236K, committed 3328K, reserved 1048576K
}
Event: 1.971 GC heap after
{Heap after GC invocations=7 (full 2):
 garbage-first heap   total 27648K, used 9795K [0x00000000c4400000, 0x0000000100000000)
  region size 1024K, 1 young (1024K), 1 survivors (1024K)
 Metaspace       used 28234K, capacity 28983K, committed 29440K, reserved 1075200K
  class space    used 2874K, capacity 3236K, committed 3328K, reserved 1048576K
}

