# JRE version: OpenJDK Runtime Environment Temurin-11.0.15+10 (11.0.15+10) (build 11.0.15+10)
# Java VM: OpenJDK 64-Bit Server VM Temurin-11.0.15+10 (11.0.15+10, mixed mode, tiered, compressed oops, g1 gc, linux-amd64)
Heap:
 garbage-first heap   total 27648K, used 9903K [0x00000000c4400000, 0x0000000100000000)
  region size 1024K, 2 young (2048K), 1 survivors (1024K)
 Metaspace       used 30006K, capacity 30711K, committed 31104K, reserved 1077248K
  class space    used 3048K, capacity 3364K, committed 3456K, reserved 1048576K
GC Heap History (14 events):
Event: 0.925 GC heap before
{Heap before GC invocations=0 (full 0):
 garbage-first heap   total 61440K, used 23552K [0x00000000c4400000, 0x0000000100000000)
  region size 1024K, 22 young (22528K), 0 survivors (0K)
 Metaspace       used 20522K, capacity 21048K, committed 21248K, reserved 1069056K
  class space    used 2217K, capacity 2495K, committed 2560K, reserved 1048576K
}
Event: 0.940 GC heap after
{Heap after GC invocations=1 (full 0):
 garbage-first heap   total 61440K, used 7093K [0x00000000c4400000, 0x0000000100000000)
  region size 1024K, 3 young (3072K), 3 survivors (3072K)
 Metaspace       used 20522K, capacity 21048K, committed 21248K, reserved 1069056K
  class space    used 2217K, capacity 2495K, committed 2560K, reserved 1048576K
}
Event: 0.954 GC heap before
{Heap before GC invocations=2 (full 0):
 garbage-first heap   total 61440K, used 8117K [0x00000000c4400000, 0x0000000100000000)
  region size 1024K, 4 young (4096K), 3 survivors (3072K)
 Metaspace       used 20586K, capacity 21112K, committed 21504K, reserved 1069056K
  class space    used 2223K, capacity 2495K, committed 2560K, reserved 1048576K
}
Event: 0.957 GC heap after
{Heap after GC invocations=3 (full 0):
 garbage-first heap   total 61440K, used 7429K [0x00000000c4400000, 0x0000000100000000)
  region size 1024K, 1 young (1024K), 1 survivors (1024K)
 Metaspace       used 20586K, capacity 21112K, committed 21504K, reserved 1069056K
  class space    used 2223K, capacity 2495K, committed 2560K, reserved 1048576K
}
Event: 2.400 GC heap before
{Heap before GC invocations=3 (full 0):
 garbage-first heap   total 61440K, used 10501K [0x00000000c4400000, 0x0000000100000000)
  region size 1024K, 6 young (6144K), 1 survivors (1024K)
 Metaspace       used 22423K, capacity 23134K, committed 23296K, reserved 1069056K
  class space    used 2434K, capacity 2767K, committed 2816K, reserved 1048576K
}
Event: 2.413 GC heap after
{Heap after GC invocations=4 (full 1):
 garbage-first heap   total 30720K, used 7779K [0x00000000c4400000, 0x0000000100000000)
  region size 1024K, 0 young (0K), 0 survivors (0K)
 Metaspace       used 22423K, capacity 23134K, committed 23296K, reserved 1069056K
  class space    used 2434K, capacity 2767K, committed 2816K, reserved 1048576K
}
Event: 2.413 GC heap before
{Heap before GC invocations=4 (full 1):
 garbage-first heap   total 30720K, used 7779K [0x00000000c4400000, 0x0000000100000000)
  region size 1024K, 0 young (0K), 0 survivors (0K)
 Metaspace       used 22424K, capacity 23134K, committed 23296K, reserved 1069056K
  class space    used 2434K, capacity 2767K, committed 2816K, reserved 1048576K
}
Event: 2.424 GC heap after
{Heap after GC invocations=5 (full 2):
 garbage-first heap   total 27648K, used 7777K [0x00000000c4400000, 0x0000000100000000)
  region size 1024K, 0 young (0K), 0 survivors (0K)
 Metaspace       used 22424K, capacity 23134K, committed 23296K, reserved 1069056K
  class space    used 2434K, capacity 2767K, committed 2816K, reserved 1048576K
}
Event: 2.763 GC heap before
{Heap before GC invocations=5 (full 2):
 garbage-first heap   total 27648K, used 12897K [0x00000000c4400000, 0x0000000100000000)
  region size 1024K, 6 young (6144K), 0 survivors (0K)
 Metaspace       used 26001K, capacity 26739K, committed 27136K, reserved 1073152K
  class space    used 2687K, capacity 3021K, committed 3072K, reserved 1048576K
}
Event: 2.765 GC heap after
{Heap after GC invocations=6 (full 2):
 garbage-first heap   total 27648K, used 9191K [0x00000000c4400000, 0x0000000100000000)
  region size 1024K, 1 young (1024K), 1 survivors (1024K)
 Metaspace       used 26001K, capacity 26739K, committed 27136K, reserved 1073152K
  class space    used 2687K, capacity 3021K, committed 3072K, reserved 1048576K
}
Event: 2.887 GC heap before
{Heap before GC invocations=6 (full 2):
 garbage-first heap   total 27648K, used 15335K [0x00000000c4400000, 0x0000000100000000)
  region size 1024K, 7 young (7168K), 1 survivors (1024K)
 Metaspace       used 28078K, capacity 28759K, committed 29184K, reserved 1075200K
  class space    used 2859K, capacity 3204K, committed 3328K, reserved 1048576K
}
Event: 2.889 GC heap after
{Heap after GC invocations=7 (full 2):
 garbage-first heap   total 27648K, used 9705K [0x00000000c4400000, 0x0000000100000000)
  region size 1024K, 1 young (1024K), 1 survivors (1024K)
 Metaspace       used 28078K, capacity 28759K, committed 29184K, reserved 1075200K
  class space    used 2859K, capacity 3204K, committed 3328K, reserved 1048576K
}
Event: 2.996 GC heap before
{Heap before GC invocations=7 (full 2):
 garbage-first heap   total 27648K, used 15849K [0x00000000c4400000, 0x0000000100000000)
  region size 1024K, 7 young (7168K), 1 survivors (1024K)
 Metaspace       used 29916K, capacity 30583K, committed 31104K, reserved 1077248K
  class space    used 3038K, capacity 3364K, committed 3456K, reserved 1048576K
}
Event: 2.997 GC heap after
{Heap after GC invocations=8 (full 2):
 garbage-first heap   total 27648K, used 9903K [0x00000000c4400000, 0x0000000100000000)
  region size 1024K, 1 young (1024K), 1 survivors (1024K)
 Metaspace       used 29916K, capacity 30583K, committed 31104K, reserved 1077248K
  class space    used 3038K, capacity 3364K, committed 3456K, reserved 1048576K
}

