# JRE version: OpenJDK Runtime Environment Temurin-11.0.15+10 (11.0.15+10) (build 11.0.15+10)
# Java VM: OpenJDK 64-Bit Server VM Temurin-11.0.15+10 (11.0.15+10, mixed mode, tiered, compressed oops, g1 gc, linux-amd64)
Heap:
 garbage-first heap   total 27648K, used 9965K [0x00000000c4400000, 0x0000000100000000)
  region size 1024K, 2 young (2048K), 1 survivors (1024K)
 Metaspace       used 30001K, capacity 30711K, committed 31104K, reserved 1077248K
  class space    used 3044K, capacity 3364K, committed 3456K, reserved 1048576K
GC Heap History (14 events):
Event: 0.889 GC heap before
{Heap before GC invocations=0 (full 0):
 garbage-first heap   total 61440K, used 23552K [0x00000000c4400000, 0x0000000100000000)
  region size 1024K, 22 young (22528K), 0 survivors (0K)
 Metaspace       used 20520K, capacity 21048K, committed 21248K, reserved 1069056K
  class space    used 2214K, capacity 2495K, committed 2560K, reserved 1048576K
}
Event: 0.898 GC heap after
{Heap after GC invocations=1 (full 0):
 garbage-first heap   total 61440K, used 7186K [0x00000000c4400000, 0x0000000100000000)
  region size 1024K, 3 young (3072K), 3 survivors (3072K)
 Metaspace       used 20520K, capacity 21048K, committed 21248K, reserved 1069056K
  class space    used 2214K, capacity 2495K, committed 2560K, reserved 1048576K
}
Event: 2.131 GC heap before
{Heap before GC invocations=2 (full 0):
 garbage-first heap   total 61440K, used 9234K [0x00000000c4400000, 0x0000000100000000)
  region size 1024K, 5 young (5120K), 3 survivors (3072K)
 Metaspace       used 21753K, capacity 22417K, committed 22656K, reserved 1069056K
  class space    used 2347K, capacity 2631K, committed 2688K, reserved 1048576K
}
Event: 2.134 GC heap after
{Heap after GC invocations=3 (full 0):
 garbage-first heap   total 61440K, used 7384K [0x00000000c4400000, 0x0000000100000000)
  region size 1024K, 1 young (1024K), 1 survivors (1024K)
 Metaspace       used 21753K, capacity 22417K, committed 22656K, reserved 1069056K
  class space    used 2347K, capacity 2631K, committed 2688K, reserved 1048576K
}
Event: 2.205 GC heap before
{Heap before GC invocations=3 (full 0):
 garbage-first heap   total 61440K, used 8408K [0x00000000c4400000, 0x0000000100000000)
  region size 1024K, 4 young (4096K), 1 survivors (1024K)
 Metaspace       used 22335K, capacity 23038K, committed 23296K, reserved 1069056K
  class space    used 2424K, capacity 2735K, committed 2816K, reserved 1048576K
}
Event: 2.217 GC heap after
{Heap after GC invocations=4 (full 1):
 garbage-first heap   total 34816K, used 7607K [0x00000000c4400000, 0x0000000100000000)
  region size 1024K, 0 young (0K), 0 survivors (0K)
 Metaspace       used 22335K, capacity 23038K, committed 23296K, reserved 1069056K
  class space    used 2424K, capacity 2735K, committed 2816K, reserved 1048576K
}
Event: 2.217 GC heap before
{Heap before GC invocations=4 (full 1):
 garbage-first heap   total 34816K, used 7607K [0x00000000c4400000, 0x0000000100000000)
  region size 1024K, 0 young (0K), 0 survivors (0K)
 Metaspace       used 22335K, capacity 23038K, committed 23296K, reserved 1069056K
  class space    used 2424K, capacity 2735K, committed 2816K, reserved 1048576K
}
Event: 2.230 GC heap after
{Heap after GC invocations=5 (full 2):
 garbage-first heap   total 27648K, used 7606K [0x00000000c4400000, 0x0000000100000000)
  region size 1024K, 0 young (0K), 0 survivors (0K)
 Metaspace       used 22335K, capacity 23038K, committed 23296K, reserved 1069056K
  class space    used 2424K, capacity 2735K, committed 2816K, reserved 1048576K
}
Event: 2.558 GC heap before
{Heap before GC invocations=5 (full 2):
 garbage-first heap   total 27648K, used 12726K [0x00000000c4400000, 0x0000000100000000)
  region size 1024K, 6 young (6144K), 0 survivors (0K)
 Metaspace       used 25979K, capacity 26675K, committed 26880K, reserved 1073152K
  class space    used 2683K, capacity 3021K, committed 3072K, reserved 1048576K
}
Event: 2.566 GC heap after
{Heap after GC invocations=6 (full 2):
 garbage-first heap   total 27648K, used 9153K [0x00000000c4400000, 0x0000000100000000)
  region size 1024K, 1 young (1024K), 1 survivors (1024K)
 Metaspace       used 25979K, capacity 26675K, committed 26880K, reserved 1073152K
  class space    used 2683K, capacity 3021K, committed 3072K, reserved 1048576K
}
Event: 2.713 GC heap before
{Heap before GC invocations=6 (full 2):
 garbage-first heap   total 27648K, used 14273K [0x00000000c4400000, 0x0000000100000000)
  region size 1024K, 7 young (7168K), 1 survivors (1024K)
 Metaspace       used 28050K, capacity 28759K, committed 29184K, reserved 1075200K
  class space    used 2854K, capacity 3204K, committed 3328K, reserved 1048576K
}
Event: 2.714 GC heap after
{Heap after GC invocations=7 (full 2):
 garbage-first heap   total 27648K, used 9717K [0x00000000c4400000, 0x0000000100000000)
  region size 1024K, 1 young (1024K), 1 survivors (1024K)
 Metaspace       used 28050K, capacity 28759K, committed 29184K, reserved 1075200K
  class space    used 2854K, capacity 3204K, committed 3328K, reserved 1048576K
}
Event: 2.822 GC heap before
{Heap before GC invocations=7 (full 2):
 garbage-first heap   total 27648K, used 14837K [0x00000000c4400000, 0x0000000100000000)
  region size 1024K, 7 young (7168K), 1 survivors (1024K)
 Metaspace       used 29878K, capacity 30583K, committed 31104K, reserved 1077248K
  class space    used 3032K, capacity 3364K, committed 3456K, reserved 1048576K
}
Event: 2.823 GC heap after
{Heap after GC invocations=8 (full 2):
 garbage-first heap   total 27648K, used 9965K [0x00000000c4400000, 0x0000000100000000)
  region size 1024K, 1 young (1024K), 1 survivors (1024K)
 Metaspace       used 29878K, capacity 30583K, committed 31104K, reserved 1077248K
  class space    used 3032K, capacity 3364K, committed 3456K, reserved 1048576K
}

