# JRE version: OpenJDK Runtime Environment Temurin-11.0.15+10 (11.0.15+10) (build 11.0.15+10)
# Java VM: OpenJDK 64-Bit Server VM Temurin-11.0.15+10 (11.0.15+10, mixed mode, tiered, compressed oops, g1 gc, linux-amd64)
Heap:
 garbage-first heap   total 30720K, used 14060K [0x00000000c4400000, 0x0000000100000000)
  region size 1024K, 6 young (6144K), 1 survivors (1024K)
 Metaspace       used 30018K, capacity 30777K, committed 31104K, reserved 1077248K
  class space    used 3046K, capacity 3364K, committed 3456K, reserved 1048576K
GC Heap History (12 events):
Event: 0.971 GC heap before
{Heap before GC invocations=0 (full 0):
 garbage-first heap   total 61440K, used 23552K [0x00000000c4400000, 0x0000000100000000)
  region size 1024K, 22 young (22528K), 0 survivors (0K)
 Metaspace       used 20591K, capacity 21112K, committed 21248K, reserved 1069056K
  class space    used 2221K, capacity 2495K, committed 2560K, reserved 1048576K
}
Event: 0.979 GC heap after
{Heap after GC invocations=1 (full 0):
 garbage-first heap   total 61440K, used 7032K [0x00000000c4400000, 0x0000000100000000)
  region size 1024K, 3 young (3072K), 3 survivors (3072K)
 Metaspace       used 20591K, capacity 21112K, committed 21248K, reserved 1069056K
  class space    used 2221K, capacity 2495K, committed 2560K, reserved 1048576K
}
Event: 1.500 GC heap before
{Heap before GC invocations=2 (full 0):
 garbage-first heap   total 61440K, used 9080K [0x00000000c4400000, 0x0000000100000000)
  region size 1024K, 5 young (5120K), 3 survivors (3072K)
 Metaspace       used 21799K, capacity 22483K, committed 22656K, reserved 1069056K
  class space    used 2353K, capacity 2633K, committed 2688K, reserved 1048576K
}
Event: 1.503 GC heap after
{Heap after GC invocations=3 (full 0):
 garbage-first heap   total 61440K, used 7611K [0x00000000c4400000, 0x0000000100000000)
  region size 1024K, 1 young (1024K), 1 survivors (1024K)
 Metaspace       used 21799K, capacity 22483K, committed 22656K, reserved 1069056K
  class space    used 2353K, capacity 2633K, committed 2688K, reserved 1048576K
}
Event: 1.565 GC heap before
{Heap before GC invocations=3 (full 0):
 garbage-first heap   total 61440K, used 9659K [0x00000000c4400000, 0x0000000100000000)
  region size 1024K, 4 young (4096K), 1 survivors (1024K)
 Metaspace       used 22262K, capacity 22971K, committed 23296K, reserved 1069056K
  class space    used 2418K, capacity 2734K, committed 2816K, reserved 1048576K
}
Event: 1.580 GC heap after
{Heap after GC invocations=4 (full 1):
 garbage-first heap   total 34816K, used 7600K [0x00000000c4400000, 0x0000000100000000)
  region size 1024K, 0 young (0K), 0 survivors (0K)
 Metaspace       used 22262K, capacity 22971K, committed 23296K, reserved 1069056K
  class space    used 2418K, capacity 2734K, committed 2816K, reserved 1048576K
}
Event: 1.581 GC heap before
{Heap before GC invocations=4 (full 1):
 garbage-first heap   total 34816K, used 7600K [0x00000000c4400000, 0x0000000100000000)
  region size 1024K, 0 young (0K), 0 survivors (0K)
 Metaspace       used 22262K, capacity 22971K, committed 23296K, reserved 1069056K
  class space    used 2418K, capacity 2734K, committed 2816K, reserved 1048576K
}
Event: 1.592 GC heap after
{Heap after GC invocations=5 (full 2):
 garbage-first heap   total 30720K, used 7600K [0x00000000c4400000, 0x0000000100000000)
  region size 1024K, 0 young (0K), 0 survivors (0K)
 Metaspace       used 22262K, capacity 22971K, committed 23296K, reserved 1069056K
  class space    used 2418K, capacity 2734K, committed 2816K, reserved 1048576K
}
Event: 2.462 GC heap before
{Heap before GC invocations=5 (full 2):
 garbage-first heap   total 30720K, used 13744K [0x00000000c4400000, 0x0000000100000000)
  region size 1024K, 7 young (7168K), 0 survivors (0K)
 Metaspace       used 26348K, capacity 27004K, committed 27392K, reserved 1073152K
  class space    used 2702K, capacity 3024K, committed 3072K, reserved 1048576K
}
Event: 2.472 GC heap after
{Heap after GC invocations=6 (full 2):
 garbage-first heap   total 30720K, used 9301K [0x00000000c4400000, 0x0000000100000000)
  region size 1024K, 1 young (1024K), 1 survivors (1024K)
 Metaspace       used 26348K, capacity 27004K, committed 27392K, reserved 1073152K
  class space    used 2702K, capacity 3024K, committed 3072K, reserved 1048576K
}
Event: 2.809 GC heap before
{Heap before GC invocations=6 (full 2):
 garbage-first heap   total 30720K, used 15445K [0x00000000c4400000, 0x0000000100000000)
  region size 1024K, 8 young (8192K), 1 survivors (1024K)
 Metaspace       used 28765K, capacity 29463K, committed 29696K, reserved 1075200K
  class space    used 2929K, capacity 3268K, committed 3328K, reserved 1048576K
}
Event: 2.810 GC heap after
{Heap after GC invocations=7 (full 2):
 garbage-first heap   total 30720K, used 9964K [0x00000000c4400000, 0x0000000100000000)
  region size 1024K, 1 young (1024K), 1 survivors (1024K)
 Metaspace       used 28765K, capacity 29463K, committed 29696K, reserved 1075200K
  class space    used 2929K, capacity 3268K, committed 3328K, reserved 1048576K
}

