# JRE version: OpenJDK Runtime Environment Temurin-11.0.15+10 (11.0.15+10) (build 11.0.15+10)
# Java VM: OpenJDK 64-Bit Server VM Temurin-11.0.15+10 (11.0.15+10, mixed mode, tiered, compressed oops, g1 gc, linux-amd64)
Heap:
 garbage-first heap   total 30720K, used 14303K [0x00000000c4400000, 0x0000000100000000)
  region size 1024K, 6 young (6144K), 1 survivors (1024K)
 Metaspace       used 29996K, capacity 30711K, committed 31104K, reserved 1077248K
  class space    used 3044K, capacity 3364K, committed 3456K, reserved 1048576K
GC Heap History (12 events):
Event: 0.987 GC heap before
{Heap before GC invocations=0 (full 0):
 garbage-first heap   total 61440K, used 23552K [0x00000000c4400000, 0x0000000100000000)
  region size 1024K, 22 young (22528K), 0 survivors (0K)
 Metaspace       used 20457K, capacity 21048K, committed 21248K, reserved 1069056K
  class space    used 2208K, capacity 2495K, committed 2560K, reserved 1048576K
}
Event: 0.996 GC heap after
{Heap after GC invocations=1 (full 0):
 garbage-first heap   total 61440K, used 7299K [0x00000000c4400000, 0x0000000100000000)
  region size 1024K, 3 young (3072K), 3 survivors (3072K)
 Metaspace       used 20457K, capacity 21048K, committed 21248K, reserved 1069056K
  class space    used 2208K, capacity 2495K, committed 2560K, reserved 1048576K
}
Event: 1.600 GC heap before
{Heap before GC invocations=2 (full 0):
 garbage-first heap   total 61440K, used 9347K [0x00000000c4400000, 0x0000000100000000)
  region size 1024K, 5 young (5120K), 3 survivors (3072K)
 Metaspace       used 21801K, capacity 22419K, committed 22656K, reserved 1069056K
  class space    used 2353K, capacity 2633K, committed 2688K, reserved 1048576K
}
Event: 1.603 GC heap after
{Heap after GC invocations=3 (full 0):
 garbage-first heap   total 61440K, used 7815K [0x00000000c4400000, 0x0000000100000000)
  region size 1024K, 1 young (1024K), 1 survivors (1024K)
 Metaspace       used 21801K, capacity 22419K, committed 22656K, reserved 1069056K
  class space    used 2353K, capacity 2633K, committed 2688K, reserved 1048576K
}
Event: 1.663 GC heap before
{Heap before GC invocations=3 (full 0):
 garbage-first heap   total 61440K, used 9863K [0x00000000c4400000, 0x0000000100000000)
  region size 1024K, 4 young (4096K), 1 survivors (1024K)
 Metaspace       used 22412K, capacity 23134K, committed 23296K, reserved 1069056K
  class space    used 2428K, capacity 2767K, committed 2816K, reserved 1048576K
}
Event: 1.677 GC heap after
{Heap after GC invocations=4 (full 1):
 garbage-first heap   total 37888K, used 7659K [0x00000000c4400000, 0x0000000100000000)
  region size 1024K, 0 young (0K), 0 survivors (0K)
 Metaspace       used 22412K, capacity 23134K, committed 23296K, reserved 1069056K
  class space    used 2428K, capacity 2767K, committed 2816K, reserved 1048576K
}
Event: 1.678 GC heap before
{Heap before GC invocations=4 (full 1):
 garbage-first heap   total 37888K, used 7659K [0x00000000c4400000, 0x0000000100000000)
  region size 1024K, 0 young (0K), 0 survivors (0K)
 Metaspace       used 22412K, capacity 23134K, committed 23296K, reserved 1069056K
  class space    used 2428K, capacity 2767K, committed 2816K, reserved 1048576K
}
Event: 1.688 GC heap after
{Heap after GC invocations=5 (full 2):
 garbage-first heap   total 30720K, used 7659K [0x00000000c4400000, 0x0000000100000000)
  region size 1024K, 0 young (0K), 0 survivors (0K)
 Metaspace       used 22412K, capacity 23134K, committed 23296K, reserved 1069056K
  class space    used 2428K, capacity 2767K, committed 2816K, reserved 1048576K
}
Event: 2.020 GC heap before
{Heap before GC invocations=5 (full 2):
 garbage-first heap   total 30720K, used 13803K [0x00000000c4400000, 0x0000000100000000)
  region size 1024K, 7 young (7168K), 0 survivors (0K)
 Metaspace       used 26402K, capacity 27068K, committed 27392K, reserved 1073152K
  class space    used 2704K, capacity 3024K, committed 3072K, reserved 1048576K
}
Event: 2.030 GC heap after
{Heap after GC invocations=6 (full 2):
 garbage-first heap   total 30720K, used 9251K [0x00000000c4400000, 0x0000000100000000)
  region size 1024K, 1 young (1024K), 1 survivors (1024K)
 Metaspace       used 26402K, capacity 27068K, committed 27392K, reserved 1073152K
  class space    used 2704K, capacity 3024K, committed 3072K, reserved 1048576K
}
Event: 2.186 GC heap before
{Heap before GC invocations=6 (full 2):
 garbage-first heap   total 30720K, used 16419K [0x00000000c4400000, 0x0000000100000000)
  region size 1024K, 8 young (8192K), 1 survivors (1024K)
 Metaspace       used 28848K, capacity 29527K, committed 29952K, reserved 1075200K
  class space    used 2931K, capacity 3268K, committed 3328K, reserved 1048576K
}
Event: 2.189 GC heap after
{Heap after GC invocations=7 (full 2):
 garbage-first heap   total 30720K, used 10207K [0x00000000c4400000, 0x0000000100000000)
  region size 1024K, 1 young (1024K), 1 survivors (1024K)
 Metaspace       used 28848K, capacity 29527K, committed 29952K, reserved 1075200K
  class space    used 2931K, capacity 3268K, committed 3328K, reserved 1048576K
}

